2023/03/16 17:07:25 current FDs rlimit set to 1048576, wanted limit is 8500. Nothing to do here.
2023/03/16 17:07:28 Listening on 127.0.0.1:5440 for wildepod-339517:us-west2:wildepoddb
2023/03/16 17:07:28 Ready for new connections
2023/03/16 17:07:28 Generated RSA key in 307.275594ms
2023/03/16 17:07:31 New connection for "wildepod-339517:us-west2:wildepoddb"
2023/03/16 17:07:31 refreshing ephemeral certificate for instance wildepod-339517:us-west2:wildepoddb
2023/03/16 17:07:33 Scheduling refresh of ephemeral certificate in 54m58s
2023/03/16 17:07:36 New connection for "wildepod-339517:us-west2:wildepoddb"
2023/03/16 17:07:40 New connection for "wildepod-339517:us-west2:wildepoddb"
2023/03/16 18:02:32 ephemeral certificate for instance wildepod-339517:us-west2:wildepoddb will expire soon, refreshing now.
2023/03/16 18:02:32 refreshing ephemeral certificate for instance wildepod-339517:us-west2:wildepoddb
2023/03/16 18:02:34 Scheduling refresh of ephemeral certificate in 54m59s
2023/03/16 18:57:33 ephemeral certificate for instance wildepod-339517:us-west2:wildepoddb will expire soon, refreshing now.
2023/03/16 18:57:33 refreshing ephemeral certificate for instance wildepod-339517:us-west2:wildepoddb
2023/03/16 18:57:37 Scheduling refresh of ephemeral certificate in 54m58s
2023/03/16 19:52:36 ephemeral certificate for instance wildepod-339517:us-west2:wildepoddb will expire soon, refreshing now.
2023/03/16 19:52:36 refreshing ephemeral certificate for instance wildepod-339517:us-west2:wildepoddb
2023/03/16 19:52:38 Scheduling refresh of ephemeral certificate in 54m59s
2023/03/16 20:47:37 ephemeral certificate for instance wildepod-339517:us-west2:wildepoddb will expire soon, refreshing now.
2023/03/16 20:47:37 refreshing ephemeral certificate for instance wildepod-339517:us-west2:wildepoddb
2023/03/16 20:47:43 Scheduling refresh of ephemeral certificate in 54m58s
2023/03/16 21:42:41 ephemeral certificate for instance wildepod-339517:us-west2:wildepoddb will expire soon, refreshing now.
2023/03/16 21:42:41 refreshing ephemeral certificate for instance wildepod-339517:us-west2:wildepoddb
2023/03/16 21:42:43 Scheduling refresh of ephemeral certificate in 54m59s
2023/03/16 22:37:42 ephemeral certificate for instance wildepod-339517:us-west2:wildepoddb will expire soon, refreshing now.
2023/03/16 22:37:42 refreshing ephemeral certificate for instance wildepod-339517:us-west2:wildepoddb
2023/03/16 22:37:45 Scheduling refresh of ephemeral certificate in 54m58s
2023/03/16 23:32:44 ephemeral certificate for instance wildepod-339517:us-west2:wildepoddb will expire soon, refreshing now.
2023/03/16 23:32:44 refreshing ephemeral certificate for instance wildepod-339517:us-west2:wildepoddb
2023/03/16 23:32:46 Scheduling refresh of ephemeral certificate in 54m59s
